2026-04-06 21:22:31:    ▲ Next.js 15.5.14
2026-04-06 21:22:31:    - Local:        http://localhost:8080
2026-04-06 21:22:31:    - Network:      http://192.168.1.130:8080
2026-04-06 21:22:31: 
2026-04-06 21:22:31:  ✓ Starting...
2026-04-06 21:22:37:    ▲ Next.js 15.5.14
2026-04-06 21:22:37:    - Local:        http://localhost:8080
2026-04-06 21:22:37:    - Network:      http://192.168.1.130:8080
2026-04-06 21:22:37: 
2026-04-06 21:22:37:  ✓ Starting...
2026-04-06 21:22:43:    ▲ Next.js 15.5.14
2026-04-06 21:22:43:    - Local:        http://localhost:8080
2026-04-06 21:22:43:    - Network:      http://192.168.1.130:8080
2026-04-06 21:22:43: 
2026-04-06 21:22:43:  ✓ Starting...
2026-04-06 21:22:49:    ▲ Next.js 15.5.14
2026-04-06 21:22:49:    - Local:        http://localhost:8080
2026-04-06 21:22:49:    - Network:      http://192.168.1.130:8080
2026-04-06 21:22:49: 
2026-04-06 21:22:49:  ✓ Starting...
2026-04-06 21:22:55:    ▲ Next.js 15.5.14
2026-04-06 21:22:55:    - Local:        http://localhost:8080
2026-04-06 21:22:55:    - Network:      http://192.168.1.130:8080
2026-04-06 21:22:55: 
2026-04-06 21:22:55:  ✓ Starting...
2026-04-06 21:23:01:    ▲ Next.js 15.5.14
2026-04-06 21:23:01:    - Local:        http://localhost:8080
2026-04-06 21:23:01:    - Network:      http://192.168.1.130:8080
2026-04-06 21:23:01: 
2026-04-06 21:23:01:  ✓ Starting...
2026-04-06 21:23:07:    ▲ Next.js 15.5.14
2026-04-06 21:23:07:    - Local:        http://localhost:8080
2026-04-06 21:23:07:    - Network:      http://192.168.1.130:8080
2026-04-06 21:23:07: 
2026-04-06 21:23:07:  ✓ Starting...
2026-04-06 21:23:13:    ▲ Next.js 15.5.14
2026-04-06 21:23:13:    - Local:        http://localhost:8080
2026-04-06 21:23:13:    - Network:      http://192.168.1.130:8080
2026-04-06 21:23:13: 
2026-04-06 21:23:13:  ✓ Starting...
2026-04-06 21:23:19:    ▲ Next.js 15.5.14
2026-04-06 21:23:19:    - Local:        http://localhost:8080
2026-04-06 21:23:19:    - Network:      http://192.168.1.130:8080
2026-04-06 21:23:19: 
2026-04-06 21:23:19:  ✓ Starting...
2026-04-06 21:23:25:    ▲ Next.js 15.5.14
2026-04-06 21:23:25:    - Local:        http://localhost:8080
2026-04-06 21:23:25:    - Network:      http://192.168.1.130:8080
2026-04-06 21:23:25: 
2026-04-06 21:23:25:  ✓ Starting...
2026-04-06 21:23:31:    ▲ Next.js 15.5.14
2026-04-06 21:23:31:    - Local:        http://localhost:8080
2026-04-06 21:23:31:    - Network:      http://192.168.1.130:8080
2026-04-06 21:23:31: 
2026-04-06 21:23:31:  ✓ Starting...
2026-04-06 21:23:37:    ▲ Next.js 15.5.14
2026-04-06 21:23:37:    - Local:        http://localhost:8080
2026-04-06 21:23:37:    - Network:      http://192.168.1.130:8080
2026-04-06 21:23:37: 
2026-04-06 21:23:37:  ✓ Starting...
2026-04-06 21:23:43:    ▲ Next.js 15.5.14
2026-04-06 21:23:43:    - Local:        http://localhost:8080
2026-04-06 21:23:43:    - Network:      http://192.168.1.130:8080
2026-04-06 21:23:43: 
2026-04-06 21:23:43:  ✓ Starting...
2026-04-06 21:23:49:    ▲ Next.js 15.5.14
2026-04-06 21:23:49:    - Local:        http://localhost:8080
2026-04-06 21:23:49:    - Network:      http://192.168.1.130:8080
2026-04-06 21:23:49: 
2026-04-06 21:23:49:  ✓ Starting...
2026-04-06 21:23:55:    ▲ Next.js 15.5.14
2026-04-06 21:23:55:    - Local:        http://localhost:8080
2026-04-06 21:23:55:    - Network:      http://192.168.1.130:8080
2026-04-06 21:23:55: 
2026-04-06 21:23:55:  ✓ Starting...
2026-04-06 21:24:01:    ▲ Next.js 15.5.14
2026-04-06 21:24:01:    - Local:        http://localhost:8080
2026-04-06 21:24:01:    - Network:      http://192.168.1.130:8080
2026-04-06 21:24:01: 
2026-04-06 21:24:01:  ✓ Starting...
2026-04-06 21:24:01:    ▲ Next.js 15.5.14
2026-04-06 21:24:01:    - Local:        http://localhost:8080
2026-04-06 21:24:01:    - Network:      http://192.168.1.130:8080
2026-04-06 21:24:01: 
2026-04-06 21:24:01:  ✓ Starting...
2026-04-06 21:24:07:    ▲ Next.js 15.5.14
2026-04-06 21:24:07:    - Local:        http://localhost:8080
2026-04-06 21:24:07:    - Network:      http://192.168.1.130:8080
2026-04-06 21:24:07: 
2026-04-06 21:24:07:  ✓ Starting...
2026-04-06 21:24:08:    ▲ Next.js 15.5.14
2026-04-06 21:24:08:    - Local:        http://localhost:8080
2026-04-06 21:24:08:    - Network:      http://192.168.1.130:8080
2026-04-06 21:24:08: 
2026-04-06 21:24:08:  ✓ Starting...
2026-04-06 21:24:13:    ▲ Next.js 15.5.14
2026-04-06 21:24:13:    - Local:        http://localhost:8080
2026-04-06 21:24:13:    - Network:      http://192.168.1.130:8080
2026-04-06 21:24:13: 
2026-04-06 21:24:13:  ✓ Starting...
2026-04-06 21:24:14:    ▲ Next.js 15.5.14
2026-04-06 21:24:14:    - Local:        http://localhost:8080
2026-04-06 21:24:14:    - Network:      http://192.168.1.130:8080
2026-04-06 21:24:14: 
2026-04-06 21:24:14:  ✓ Starting...
2026-04-06 21:24:19:    ▲ Next.js 15.5.14
2026-04-06 21:24:19:    - Local:        http://localhost:8080
2026-04-06 21:24:19:    - Network:      http://192.168.1.130:8080
2026-04-06 21:24:19: 
2026-04-06 21:24:19:  ✓ Starting...
2026-04-06 21:24:20:    ▲ Next.js 15.5.14
2026-04-06 21:24:20:    - Local:        http://localhost:8080
2026-04-06 21:24:20:    - Network:      http://192.168.1.130:8080
2026-04-06 21:24:20: 
2026-04-06 21:24:20:  ✓ Starting...
2026-04-06 21:24:25:    ▲ Next.js 15.5.14
2026-04-06 21:24:25:    - Local:        http://localhost:8080
2026-04-06 21:24:25:    - Network:      http://192.168.1.130:8080
2026-04-06 21:24:25: 
2026-04-06 21:24:25:  ✓ Starting...
2026-04-06 21:24:26:    ▲ Next.js 15.5.14
2026-04-06 21:24:26:    - Local:        http://localhost:8080
2026-04-06 21:24:26:    - Network:      http://192.168.1.130:8080
2026-04-06 21:24:26: 
2026-04-06 21:24:26:  ✓ Starting...
2026-04-06 21:24:31:    ▲ Next.js 15.5.14
2026-04-06 21:24:31:    - Local:        http://localhost:8080
2026-04-06 21:24:31:    - Network:      http://192.168.1.130:8080
2026-04-06 21:24:31: 
2026-04-06 21:24:31:  ✓ Starting...
2026-04-06 21:24:32:    ▲ Next.js 15.5.14
2026-04-06 21:24:32:    - Local:        http://localhost:8080
2026-04-06 21:24:32:    - Network:      http://192.168.1.130:8080
2026-04-06 21:24:32: 
2026-04-06 21:24:32:  ✓ Starting...
2026-04-06 21:24:38:    ▲ Next.js 15.5.14
2026-04-06 21:24:38:    - Local:        http://localhost:8080
2026-04-06 21:24:38:    - Network:      http://192.168.1.130:8080
2026-04-06 21:24:38: 
2026-04-06 21:24:38:  ✓ Starting...
2026-04-06 21:24:39:    ▲ Next.js 15.5.14
2026-04-06 21:24:39:    - Local:        http://localhost:8080
2026-04-06 21:24:39:    - Network:      http://192.168.1.130:8080
2026-04-06 21:24:39: 
2026-04-06 21:24:39:  ✓ Starting...
2026-04-06 21:24:44:    ▲ Next.js 15.5.14
2026-04-06 21:24:44:    - Local:        http://localhost:8080
2026-04-06 21:24:44:    - Network:      http://192.168.1.130:8080
2026-04-06 21:24:44: 
2026-04-06 21:24:44:  ✓ Starting...
2026-04-06 21:24:45:    ▲ Next.js 15.5.14
2026-04-06 21:24:45:    - Local:        http://localhost:8080
2026-04-06 21:24:45:    - Network:      http://192.168.1.130:8080
2026-04-06 21:24:45: 
2026-04-06 21:24:45:  ✓ Starting...
2026-04-06 21:24:50:    ▲ Next.js 15.5.14
2026-04-06 21:24:50:    - Local:        http://localhost:8080
2026-04-06 21:24:50:    - Network:      http://192.168.1.130:8080
2026-04-06 21:24:50: 
2026-04-06 21:24:50:  ✓ Starting...
2026-04-06 21:24:51:    ▲ Next.js 15.5.14
2026-04-06 21:24:51:    - Local:        http://localhost:8080
2026-04-06 21:24:51:    - Network:      http://192.168.1.130:8080
2026-04-06 21:24:51: 
2026-04-06 21:24:51:  ✓ Starting...
2026-04-06 21:24:57:    ▲ Next.js 15.5.14
2026-04-06 21:24:57:    - Local:        http://localhost:8080
2026-04-06 21:24:57:    - Network:      http://192.168.1.130:8080
2026-04-06 21:24:57: 
2026-04-06 21:24:57:  ✓ Starting...
2026-04-06 21:25:03:    ▲ Next.js 15.5.14
2026-04-06 21:25:03:    - Local:        http://localhost:8080
2026-04-06 21:25:03:    - Network:      http://192.168.1.130:8080
2026-04-06 21:25:03: 
2026-04-06 21:25:03:  ✓ Starting...
2026-04-06 21:25:09:    ▲ Next.js 15.5.14
2026-04-06 21:25:09:    - Local:        http://localhost:8080
2026-04-06 21:25:09:    - Network:      http://192.168.1.130:8080
2026-04-06 21:25:09: 
2026-04-06 21:25:09:  ✓ Starting...
2026-04-06 21:25:15:    ▲ Next.js 15.5.14
2026-04-06 21:25:15:    - Local:        http://localhost:8080
2026-04-06 21:25:15:    - Network:      http://192.168.1.130:8080
2026-04-06 21:25:15: 
2026-04-06 21:25:15:  ✓ Starting...
2026-04-06 21:25:22:    ▲ Next.js 15.5.14
2026-04-06 21:25:22:    - Local:        http://localhost:8080
2026-04-06 21:25:22:    - Network:      http://192.168.1.130:8080
2026-04-06 21:25:22: 
2026-04-06 21:25:22:  ✓ Starting...
2026-04-06 21:25:29:    ▲ Next.js 15.5.14
2026-04-06 21:25:29:    - Local:        http://localhost:8080
2026-04-06 21:25:29:    - Network:      http://192.168.1.130:8080
2026-04-06 21:25:29: 
2026-04-06 21:25:29:  ✓ Starting...
2026-04-06 21:25:36:    ▲ Next.js 15.5.14
2026-04-06 21:25:36:    - Local:        http://localhost:8080
2026-04-06 21:25:36:    - Network:      http://192.168.1.130:8080
2026-04-06 21:25:36: 
2026-04-06 21:25:36:  ✓ Starting...
2026-04-06 21:25:43:    ▲ Next.js 15.5.14
2026-04-06 21:25:43:    - Local:        http://localhost:8080
2026-04-06 21:25:43:    - Network:      http://192.168.1.130:8080
2026-04-06 21:25:43: 
2026-04-06 21:25:43:  ✓ Starting...
2026-04-06 21:25:44:  ✓ Ready in 1455ms
